<?xml version="1.0" encoding="UTF-8"?>
<testsuite xmlns:xsi="http://www.w3.org/2001/XMLSchema-instance" xsi:noNamespaceSchemaLocation="https://maven.apache.org/surefire/maven-surefire-plugin/xsd/surefire-test-report-3.0.xsd" version="3.0" name="app.ColliderTest" time="0.044" tests="6" errors="0" skipped="0" failures="0">
  <properties>
[...]
</properties>
  <testcase name="projAABCNoCol" classname="app.ColliderTest" time="0.024"/>
  <testcase name="entityAABCNoCol" classname="app.ColliderTest" time="0.001"/>
  <testcase name="simpleAABCCol" classname="app.ColliderTest" time="0"/>
  <testcase name="projAABCCol" classname="app.ColliderTest" time="0"/>
  <testcase name="entityAABCCol" classname="app.ColliderTest" time="0.001"/>
  <testcase name="simpleAABCNoCol" classname="app.ColliderTest" time="0.001"/>
</testsuite>